[debug] [2021-09-29T09:22:20.634Z] ----------------------------------------------------------------------
[debug] [2021-09-29T09:22:20.636Z] Command:       C:\Program Files\nodejs\node.exe C:\Users\adity\AppData\Roaming\npm\node_modules\firebase-tools\lib\bin\firebase.js init hosting
[debug] [2021-09-29T09:22:20.637Z] CLI Version:   9.18.0
[debug] [2021-09-29T09:22:20.637Z] Platform:      win32
[debug] [2021-09-29T09:22:20.637Z] Node Version:  v14.18.0
[debug] [2021-09-29T09:22:20.638Z] Time:          Wed Sep 29 2021 02:22:20 GMT-0700 (Pacific Daylight Time)
[debug] [2021-09-29T09:22:20.638Z] ----------------------------------------------------------------------
[debug] 
[debug] [2021-09-29T09:22:20.645Z] > command requires scopes: ["email","openid","https://www.googleapis.com/auth/cloudplatformprojects.readonly","https://www.googleapis.com/auth/firebase","https://www.googleapis.com/auth/cloud-platform"]
[debug] [2021-09-29T09:22:20.645Z] > authorizing via signed-in user (adityapulsate@gmail.com)
[info] 
     ######## #### ########  ######## ########     ###     ######  ########
     ##        ##  ##     ## ##       ##     ##  ##   ##  ##       ##
     ######    ##  ########  ######   ########  #########  ######  ######
     ##        ##  ##    ##  ##       ##     ## ##     ##       ## ##
     ##       #### ##     ## ######## ########  ##     ##  ######  ########

You're about to initialize a Firebase project in this directory:

  C:\Users\adity\Downloads\Website Stuff

[info] 
=== Project Setup
[info] 
[info] First, let's associate this project directory with a Firebase project.
[info] You can create multiple project aliases by running firebase use --add, 
[info] but for now we'll just set up a default project.
[info] 
[debug] [2021-09-29T09:23:13.330Z] >>> [apiv2][query] GET https://firebase.googleapis.com/v1beta1/projects pageSize=100
[debug] [2021-09-29T09:23:13.717Z] <<< [apiv2][status] GET https://firebase.googleapis.com/v1beta1/projects 200
[debug] [2021-09-29T09:23:13.717Z] <<< [apiv2][body] GET https://firebase.googleapis.com/v1beta1/projects [omitted]
[info] i  Using project aditya-website-e89bd (Aditya Website) 
[info] 
=== Hosting Setup
[info] 
[info] Your public directory is the folder (relative to your project directory) that
[info] will contain Hosting assets to be uploaded with firebase deploy. If you
[info] have a build process for your assets, use your build's output directory.
[info] 
[info] +  Wrote Website Stuff/404.html 
[debug] [2021-09-29T09:24:10.485Z] >>> [apiv2][query] GET https://www.gstatic.com/firebasejs/releases.json [none]
[debug] [2021-09-29T09:24:10.636Z] <<< [apiv2][status] GET https://www.gstatic.com/firebasejs/releases.json 200
[debug] [2021-09-29T09:24:10.636Z] <<< [apiv2][body] GET https://www.gstatic.com/firebasejs/releases.json {"current":{"version":"9.1.0","browserURL":"https://www.gstatic.com/firebasejs/9.1.0/firebase.js","packageURL":"https://www.gstatic.com/firebasejs/9.1.0/firebase.tgz"},"live":{"version":"9.1","browserURL":"https://www.gstatic.com/firebasejs/live/9.1/firebase.js","packageURL":"https://www.gstatic.com/firebasejs/live/9.1/firebase.tgz"},"components":{"analytics":"https://www.gstatic.com/firebasejs/9.1.0/firebase-analytics.js","app":"https://www.gstatic.com/firebasejs/9.1.0/firebase-app.js","app-check":"https://www.gstatic.com/firebasejs/9.1.0/firebase-app-check.js","auth":"https://www.gstatic.com/firebasejs/9.1.0/firebase-auth.js","auth/cordova":"https://www.gstatic.com/firebasejs/9.1.0/firebase-auth/cordova.js","auth/react-native":"https://www.gstatic.com/firebasejs/9.1.0/firebase-auth/react-native.js","functions":"https://www.gstatic.com/firebasejs/9.1.0/firebase-functions.js","firestore":"https://www.gstatic.com/firebasejs/9.1.0/firebase-firestore.js","firestore/lite":"https://www.gstatic.com/firebasejs/9.1.0/firebase-firestore/lite.js","storage":"https://www.gstatic.com/firebasejs/9.1.0/firebase-storage.js","performance":"https://www.gstatic.com/firebasejs/9.1.0/firebase-performance.js","remote-config":"https://www.gstatic.com/firebasejs/9.1.0/firebase-remote-config.js","messaging":"https://www.gstatic.com/firebasejs/9.1.0/firebase-messaging.js","messaging/sw":"https://www.gstatic.com/firebasejs/9.1.0/firebase-messaging/sw.js","database":"https://www.gstatic.com/firebasejs/9.1.0/firebase-database.js","firestore.memory":"https://www.gstatic.com/firebasejs/9.1.0/firebase-firestore.memory.js"}}
[info] +  Wrote Website Stuff/index.html 
[info] 
[info] i  Didn't detect a .git folder. Assuming C:\Users\adity\Downloads\Website Stuff is the project root. 
[info] i  Authorizing with GitHub to upload your service account to a GitHub repository's secrets store. 
[info] 
[info] Visit this URL on this device to log in:
[info] https://github.com/login/oauth/authorize?client_id=89cf50f02ac6aaed3484&state=123586445&redirect_uri=http%3A%2F%2Flocalhost%3A9005&scope=read%3Auser%20repo%20public_repo
[info] 
[info] Waiting for authentication...
[debug] [2021-09-29T09:24:19.247Z] >>> HTTP REQUEST POST https://github.com/login/oauth/access_token  
 {"client_id":"89cf50f02ac6aaed3484","client_secret":"3330d14abc895d9a74d5f17cd7a00711fa2c5bf0","code":"71403d3b426972607e43","redirect_uri":"http://localhost:9005","state":"123586445"}
[debug] [2021-09-29T09:24:19.568Z] <<< HTTP RESPONSE 200 {"server":"GitHub.com","date":"Wed, 29 Sep 2021 09:24:19 GMT","content-type":"application/json; charset=utf-8","transfer-encoding":"chunked","vary":"X-PJAX, X-PJAX-Container, Accept-Encoding, Accept, X-Requested-With","permissions-policy":"interest-cohort=()","etag":"W/\"1919e7b8956f4b9af165e9a37e2090d9\"","cache-control":"max-age=0, private, must-revalidate","strict-transport-security":"max-age=31536000; includeSubdomains; preload","x-frame-options":"deny","x-content-type-options":"nosniff","x-xss-protection":"0","referrer-policy":"origin-when-cross-origin, strict-origin-when-cross-origin","expect-ct":"max-age=2592000, report-uri=\"https://api.github.com/_private/browser/errors\"","content-security-policy":"default-src 'none'; base-uri 'self'; block-all-mixed-content; child-src github.com/javascripts/worker/ gist.github.com/javascripts/worker/; connect-src 'self' uploads.github.com www.githubstatus.com collector.githubapp.com api.github.com github-cloud.s3.amazonaws.com github-production-repository-file-5c1aeb.s3.amazonaws.com github-production-upload-manifest-file-7fdce7.s3.amazonaws.com github-production-user-asset-6210df.s3.amazonaws.com cdn.optimizely.com logx.optimizely.com/v1/events translator.github.com wss://alive.github.com; font-src github.githubassets.com; form-action 'self' github.com gist.github.com; frame-ancestors 'none'; frame-src render.githubusercontent.com viewscreen.githubusercontent.com; img-src 'self' data: github.githubassets.com identicons.github.com collector.githubapp.com github-cloud.s3.amazonaws.com secured-user-images.githubusercontent.com/ *.githubusercontent.com; manifest-src 'self'; media-src github.com user-images.githubusercontent.com/; script-src github.githubassets.com; style-src 'unsafe-inline' github.githubassets.com; worker-src github.com/javascripts/worker/ gist.github.com/javascripts/worker/ github.com/socket-worker-0af8a29d.js gist.github.com/socket-worker-0af8a29d.js","x-github-request-id":"ECFE:3949:1CA4BF:2146AF:615430C3"}
[debug] [2021-09-29T09:24:19.571Z] >>> [apiv2][query] GET https://api.github.com/user [none]
[debug] [2021-09-29T09:24:19.913Z] <<< [apiv2][status] GET https://api.github.com/user 200
[debug] [2021-09-29T09:24:19.913Z] <<< [apiv2][body] GET https://api.github.com/user {"login":"epicbotgamer","id":66402720,"node_id":"MDQ6VXNlcjY2NDAyNzIw","avatar_url":"https://avatars.githubusercontent.com/u/66402720?v=4","gravatar_id":"","url":"https://api.github.com/users/epicbotgamer","html_url":"https://github.com/epicbotgamer","followers_url":"https://api.github.com/users/epicbotgamer/followers","following_url":"https://api.github.com/users/epicbotgamer/following{/other_user}","gists_url":"https://api.github.com/users/epicbotgamer/gists{/gist_id}","starred_url":"https://api.github.com/users/epicbotgamer/starred{/owner}{/repo}","subscriptions_url":"https://api.github.com/users/epicbotgamer/subscriptions","organizations_url":"https://api.github.com/users/epicbotgamer/orgs","repos_url":"https://api.github.com/users/epicbotgamer/repos","events_url":"https://api.github.com/users/epicbotgamer/events{/privacy}","received_events_url":"https://api.github.com/users/epicbotgamer/received_events","type":"User","site_admin":false,"name":"Aditya Anandan ","company":null,"blog":"","location":null,"email":null,"hireable":null,"bio":null,"twitter_username":"aditya_anandan","public_repos":6,"public_gists":0,"followers":0,"following":0,"created_at":"2020-06-04T04:27:43Z","updated_at":"2021-09-24T19:09:21Z","private_gists":0,"total_private_repos":0,"owned_private_repos":0,"disk_usage":28629,"collaborators":0,"two_factor_authentication":false,"plan":{"name":"free","space":976562499,"collaborators":0,"private_repos":10000}}
[info] 
[info] +  Success! Logged into GitHub as epicbotgamer 
[info] 
